<?xml version="1.0" encoding="UTF-8"?>
<testng-results ignored="0" total="1" passed="1" failed="0" skipped="0">
  <reporter-output>
  </reporter-output>
  <suite started-at="2021-10-14T14:38:39 IST" name="Default suite" finished-at="2021-10-14T14:39:08 IST" duration-ms="28412">
    <groups>
    </groups>
    <test started-at="2021-10-14T14:38:39 IST" name="Default test" finished-at="2021-10-14T14:39:08 IST" duration-ms="28412">
      <class name="demo.DemoTest">
        <test-method signature="setup()[pri:0, instance:demo.DemoTest@73ee04c8]" started-at="2021-10-14T14:38:39 IST" name="setup" finished-at="2021-10-14T14:39:08 IST" duration-ms="28303" status="PASS">
          <reporter-output>
          </reporter-output>
        </test-method> <!-- setup -->
      </class> <!-- demo.DemoTest -->
    </test> <!-- Default test -->
  </suite> <!-- Default suite -->
</testng-results>
