<?xml version="1.0" encoding="UTF-8"?>
<testng-results ignored="0" total="1" passed="1" failed="0" skipped="0">
  <reporter-output>
  </reporter-output>
  <suite started-at="2021-10-13T13:58:00 IST" name="Default suite" finished-at="2021-10-13T13:58:16 IST" duration-ms="16224">
    <groups>
    </groups>
    <test started-at="2021-10-13T13:58:00 IST" name="Default test" finished-at="2021-10-13T13:58:16 IST" duration-ms="16224">
      <class name="demo.DemoTest">
        <test-method signature="setup()[pri:0, instance:demo.DemoTest@2525ff7e]" started-at="2021-10-13T13:58:00 IST" name="setup" finished-at="2021-10-13T13:58:16 IST" duration-ms="16146" status="PASS">
          <reporter-output>
          </reporter-output>
        </test-method> <!-- setup -->
      </class> <!-- demo.DemoTest -->
    </test> <!-- Default test -->
  </suite> <!-- Default suite -->
</testng-results>
